app/build/intermediates/manifest_merge_blame_file/debug/manifest-merger-blame-debug-report.txt
1<?xml version="1.0" encoding="utf-8"?>
2<manifest xmlns:android="http://schemas.android.com/apk/res/android"
3    package="com.zhaoyao.app"
4    android:versionCode="1"
5    android:versionName="1.0" >
6
7    <uses-sdk
8        android:minSdkVersion="21"
8-->src\main\AndroidManifest.xml
9        android:targetSdkVersion="32" />
9-->src\main\AndroidManifest.xml
10
11    <uses-feature
11-->src\main\AndroidManifest.xml:6:5-8:35
12        android:name="android.hardware.camera2"
12-->src\main\AndroidManifest.xml:7:9-48
13        android:required="true" />
13-->src\main\AndroidManifest.xml:8:9-32
14
15    <uses-permission android:name="android.permission.CAMERA" />
15-->src\main\AndroidManifest.xml:10:5-65
15-->src\main\AndroidManifest.xml:10:22-62
16
17    <uses-feature android:name="android.hardware.camera" />
17-->src\main\AndroidManifest.xml:12:5-60
17-->src\main\AndroidManifest.xml:12:19-57
18    <uses-feature android:name="android.hardware.camera.autofocus" />
18-->src\main\AndroidManifest.xml:13:5-70
18-->src\main\AndroidManifest.xml:13:19-67
19
20    <uses-permission android:name="android.permission.FLASHLIGHT" />
20-->src\main\AndroidManifest.xml:15:5-69
20-->src\main\AndroidManifest.xml:15:22-66
21    <uses-permission android:name="android.permission.WRITE_EXTERNAL_STORAGE" />
21-->src\main\AndroidManifest.xml:16:5-81
21-->src\main\AndroidManifest.xml:16:22-78
22    <uses-permission android:name="android.permission.READ_EXTERNAL_STORAGE" />
22-->src\main\AndroidManifest.xml:17:5-80
22-->src\main\AndroidManifest.xml:17:22-77
23    <uses-permission android:name="android.permission.INTERNET" />
23-->src\main\AndroidManifest.xml:18:5-67
23-->src\main\AndroidManifest.xml:18:22-64
24    <uses-permission android:name="android.permission.MOUNT_UNMOUNT_FILESYSTEMS" />
24-->src\main\AndroidManifest.xml:19:5-21:47
24-->src\main\AndroidManifest.xml:20:9-68
25
26    <application
26-->src\main\AndroidManifest.xml:23:5-63:19
27        android:allowBackup="true"
27-->src\main\AndroidManifest.xml:24:9-35
28        android:appComponentFactory="androidx.core.app.CoreComponentFactory"
28-->[androidx.core:core:1.5.0] AndroidManifest.xml:24:18-86
29        android:dataExtractionRules="@xml/data_extraction_rules"
29-->src\main\AndroidManifest.xml:25:9-65
30        android:debuggable="true"
31        android:fullBackupContent="@xml/backup_rules"
31-->src\main\AndroidManifest.xml:26:9-54
32        android:icon="@mipmap/ic_launcher"
32-->src\main\AndroidManifest.xml:27:9-43
33        android:label="@string/app_name"
33-->src\main\AndroidManifest.xml:28:9-41
34        android:roundIcon="@mipmap/ic_launcher_round"
34-->src\main\AndroidManifest.xml:29:9-54
35        android:supportsRtl="true"
35-->src\main\AndroidManifest.xml:30:9-35
36        android:testOnly="true"
37        android:theme="@style/Theme.myApp" >
37-->src\main\AndroidManifest.xml:31:9-43
38        <activity
38-->src\main\AndroidManifest.xml:33:9-35:40
39            android:name="com.zhaoyao.app.SearchActivity"
39-->src\main\AndroidManifest.xml:34:13-58
40            android:exported="false" />
40-->src\main\AndroidManifest.xml:35:13-37
41        <activity
41-->src\main\AndroidManifest.xml:36:9-38:40
42            android:name="com.zhaoyao.app.MediaPlayerActivity"
42-->src\main\AndroidManifest.xml:37:13-63
43            android:exported="false" />
43-->src\main\AndroidManifest.xml:38:13-37
44        <activity
44-->src\main\AndroidManifest.xml:39:9-41:40
45            android:name="com.zhaoyao.app.AddNews"
45-->src\main\AndroidManifest.xml:40:13-51
46            android:exported="false" />
46-->src\main\AndroidManifest.xml:41:13-37
47        <activity
47-->src\main\AndroidManifest.xml:42:9-44:40
48            android:name="com.zhaoyao.app.Loading"
48-->src\main\AndroidManifest.xml:43:13-51
49            android:exported="false" />
49-->src\main\AndroidManifest.xml:44:13-37
50        <activity
50-->src\main\AndroidManifest.xml:45:9-47:40
51            android:name="com.zhaoyao.app.login.LoginActivity"
51-->src\main\AndroidManifest.xml:46:13-63
52            android:exported="false" />
52-->src\main\AndroidManifest.xml:47:13-37
53        <activity
53-->src\main\AndroidManifest.xml:48:9-50:40
54            android:name="com.zhaoyao.app.login.RegisterActivity"
54-->src\main\AndroidManifest.xml:49:13-66
55            android:exported="false" />
55-->src\main\AndroidManifest.xml:50:13-37
56        <activity
56-->src\main\AndroidManifest.xml:51:9-53:40
57            android:name="com.zhaoyao.app.WeatherActivity"
57-->src\main\AndroidManifest.xml:52:13-59
58            android:exported="false" />
58-->src\main\AndroidManifest.xml:53:13-37
59        <activity
59-->src\main\AndroidManifest.xml:54:9-62:20
60            android:name="com.zhaoyao.app.MainActivity"
60-->src\main\AndroidManifest.xml:55:13-56
61            android:exported="true" >
61-->src\main\AndroidManifest.xml:56:13-36
62            <intent-filter>
62-->src\main\AndroidManifest.xml:57:13-61:29
63                <action android:name="android.intent.action.MAIN" />
63-->src\main\AndroidManifest.xml:58:17-69
63-->src\main\AndroidManifest.xml:58:25-66
64
65                <category android:name="android.intent.category.LAUNCHER" />
65-->src\main\AndroidManifest.xml:60:17-77
65-->src\main\AndroidManifest.xml:60:27-74
66            </intent-filter>
67        </activity>
68    </application>
69
70</manifest>